Started by timer
[Sun Sep 28 18:32:27 UTC 2025] Starting branch indexing...
[8mha:////4GspUaJy51MiRf4d0AuM9M20NNVgT0wXjleagV9gf8ssAAAAhR+LCAAAAAAAAP9b85aBtbiIwSa/KF0vKzUvOzOvODlTryCnNB3I0kvPLMkoTYpPKkrMS86IL84vLUpO1XPPLPEoTXLOzyvOz0n1yy9JZYAARiYGRi8GzpLM3NTiksTcgooiBqmM0pTi/Dy9ZIhiPayaGCoKgPTMiTMZ7wEAwq1zco4AAAA=[0mConnecting to https://api.github.com using Andrewdpg/******
Examining [8mha:////4FR19I71IwQsI8o2IuAQ9ql+NLMx4QYLa71DTxktn76MAAAAsx+LCAAAAAAAAP9djLENwjAQRY8gGIASUdEnrqAApUA0IEU0TGCSk2Nw7NPZCWEN1oCGIRiHHQhKx2v+a/57fmDkGWZlXXhnk9xZ7wwmuxshG20vBxdwmT5e6Z3eEUR7GBu0KpQZDGs2ASbZWTZSGGmVOAbWVq1bhulfbtvvLwY9gwigpU7mARZlCORXQigdyvrUvSqxsQXjtSAlKp2z88iNzjGWRDG2siKDXxMuNc+6AAAA[0mAndrewdpg/microservice-app-example

  Getting remote pull requests...

  Checking branches...

  Getting remote branches...

    Checking branch [8mha:////4EQ3Haa4lThN+YOPjtfoLWSz19nhSebg/nHtV1sy9i/gAAAAuR+LCAAAAAAAAP9djLENwjAQRY8gMgAlYoXEHQUoRUQDUkTDBCY5OQbHts6XENZgDWgYgnHYgaB0vOa/5r/nB2aBYFm3VXA2LZ0NzmC6u3kko+3l4BhX2eOV3f07gmgPsUGruC5g2pJhmBdn2UlhpFXiyKSt2vQEi7/cdtxfDEYmEUDvB4kZ8prZh7UQSnPdnoZXI3JbEV4rr0SjS3IBqdMlJtL7BHvZeIOCCVE0MjDSF+YvIqfGAAAA[0mmaster
      ‘Jenkinsfile’ found
    Met criteria
No changes detected: master (still at f082f8f5c674a01491eb1bb0fe22c69374fe04ed)

    Checking branch [8mha:////4MFLyTTVDNcnL8CZciFxhTW78SHGcBqJ1g9Z/6qK8L9YAAAAuB+LCAAAAAAAAP9djLENwjAQRY9EMAAlYoXEHQUoSIgGpIiGCUxycgyObZ0vIazBGtAwBOOwA0HpeM1/zX/PD4wDwbxqyuBsWjgbnMF0d/NIRtvLwTEusscru/t3BNEeJgat4iqHuCHDMM3PspXCSKvEkUlbteoIZn+57bC/GAyMIoDO9xIzrCtmH5ZCKM1Vc+pftdjYkvBaeiVqXZALSK0uMJHeJ9jJ2hsUTIiixPYL7xg9T8MAAAA=[0mdev
      ‘Jenkinsfile’ found
    Met criteria
No changes detected: dev (still at f082f8f5c674a01491eb1bb0fe22c69374fe04ed)

  2 branches were processed

  Checking pull-requests...

  0 pull requests were processed

Finished examining Andrewdpg/microservice-app-example

[Sun Sep 28 18:32:29 UTC 2025] Finished branch indexing. Indexing took 1.8 sec
Finished: SUCCESS
